c:\users\admin\desktop\7to semestre\criptografia y seguridad\pia\programa de encriptacion\lopez_hernandez_pia_cripseg\lopez_he.891973a3\x64\debug\lopez_hernandez_pia_cripseg.pch
c:\users\admin\desktop\7to semestre\criptografia y seguridad\pia\programa de encriptacion\lopez_hernandez_pia_cripseg\lopez_he.891973a3\x64\debug\vc143.pdb
c:\users\admin\desktop\7to semestre\criptografia y seguridad\pia\programa de encriptacion\lopez_hernandez_pia_cripseg\lopez_he.891973a3\x64\debug\pch.obj
c:\users\admin\desktop\7to semestre\criptografia y seguridad\pia\programa de encriptacion\lopez_hernandez_pia_cripseg\lopez_he.891973a3\x64\debug\tecnica_vigenere.obj
c:\users\admin\desktop\7to semestre\criptografia y seguridad\pia\programa de encriptacion\lopez_hernandez_pia_cripseg\lopez_he.891973a3\x64\debug\tecnica_cesar.obj
c:\users\admin\desktop\7to semestre\criptografia y seguridad\pia\programa de encriptacion\lopez_hernandez_pia_cripseg\lopez_he.891973a3\x64\debug\mapa.obj
c:\users\admin\desktop\7to semestre\criptografia y seguridad\pia\programa de encriptacion\lopez_hernandez_pia_cripseg\lopez_he.891973a3\x64\debug\form1.obj
c:\users\admin\desktop\7to semestre\criptografia y seguridad\pia\programa de encriptacion\lopez_hernandez_pia_cripseg\lopez_he.891973a3\x64\debug\cppclr_winformsproject.obj
c:\users\admin\desktop\7to semestre\criptografia y seguridad\pia\programa de encriptacion\lopez_hernandez_pia_cripseg\lopez_he.891973a3\x64\debug\assemblyinfo.obj
c:\users\admin\desktop\7to semestre\criptografia y seguridad\pia\programa de encriptacion\lopez_hernandez_pia_cripseg\lopez_he.891973a3\x64\debug\.netframework,version=v4.7.2.assemblyattributes.obj
c:\users\admin\desktop\7to semestre\criptografia y seguridad\pia\programa de encriptacion\lopez_hernandez_pia_cripseg\lopez_he.891973a3\x64\debug\app.res
c:\users\admin\desktop\7to semestre\criptografia y seguridad\pia\programa de encriptacion\lopez_hernandez_pia_cripseg\x64\debug\lopez_hernandez_pia_cripseg.exe
c:\users\admin\desktop\7to semestre\criptografia y seguridad\pia\programa de encriptacion\lopez_hernandez_pia_cripseg\lopez_he.891973a3\x64\debug\lopez_hernandez_pia_cripseg.vcxproj.assemblyreference.cache
c:\users\admin\desktop\7to semestre\criptografia y seguridad\pia\programa de encriptacion\lopez_hernandez_pia_cripseg\lopez_he.891973a3\x64\debug\lopez_hernandez_pia_cripseg.vcxproj.generateresource.cache
c:\users\admin\desktop\7to semestre\criptografia y seguridad\pia\programa de encriptacion\lopez_hernandez_pia_cripseg\lopez_he.891973a3\x64\debug\lopez_hernandez_pia_cripseg.form1.resources
c:\users\admin\desktop\7to semestre\criptografia y seguridad\pia\programa de encriptacion\lopez_hernandez_pia_cripseg\x64\debug\lopez_hernandez_pia_cripseg.pdb
c:\users\admin\desktop\7to semestre\criptografia y seguridad\pia\programa de encriptacion\lopez_hernandez_pia_cripseg\lopez_he.891973a3\x64\debug\lopez_he.891973a3.tlog\cl.command.1.tlog
c:\users\admin\desktop\7to semestre\criptografia y seguridad\pia\programa de encriptacion\lopez_hernandez_pia_cripseg\lopez_he.891973a3\x64\debug\lopez_he.891973a3.tlog\cl.read.1.tlog
c:\users\admin\desktop\7to semestre\criptografia y seguridad\pia\programa de encriptacion\lopez_hernandez_pia_cripseg\lopez_he.891973a3\x64\debug\lopez_he.891973a3.tlog\cl.write.1.tlog
c:\users\admin\desktop\7to semestre\criptografia y seguridad\pia\programa de encriptacion\lopez_hernandez_pia_cripseg\lopez_he.891973a3\x64\debug\lopez_he.891973a3.tlog\link.command.1.tlog
c:\users\admin\desktop\7to semestre\criptografia y seguridad\pia\programa de encriptacion\lopez_hernandez_pia_cripseg\lopez_he.891973a3\x64\debug\lopez_he.891973a3.tlog\link.read.1.tlog
c:\users\admin\desktop\7to semestre\criptografia y seguridad\pia\programa de encriptacion\lopez_hernandez_pia_cripseg\lopez_he.891973a3\x64\debug\lopez_he.891973a3.tlog\link.write.1.tlog
c:\users\admin\desktop\7to semestre\criptografia y seguridad\pia\programa de encriptacion\lopez_hernandez_pia_cripseg\lopez_he.891973a3\x64\debug\lopez_he.891973a3.tlog\metagen.read.1.tlog
c:\users\admin\desktop\7to semestre\criptografia y seguridad\pia\programa de encriptacion\lopez_hernandez_pia_cripseg\lopez_he.891973a3\x64\debug\lopez_he.891973a3.tlog\metagen.write.1.tlog
c:\users\admin\desktop\7to semestre\criptografia y seguridad\pia\programa de encriptacion\lopez_hernandez_pia_cripseg\lopez_he.891973a3\x64\debug\lopez_he.891973a3.tlog\rc.command.1.tlog
c:\users\admin\desktop\7to semestre\criptografia y seguridad\pia\programa de encriptacion\lopez_hernandez_pia_cripseg\lopez_he.891973a3\x64\debug\lopez_he.891973a3.tlog\rc.read.1.tlog
c:\users\admin\desktop\7to semestre\criptografia y seguridad\pia\programa de encriptacion\lopez_hernandez_pia_cripseg\lopez_he.891973a3\x64\debug\lopez_he.891973a3.tlog\rc.write.1.tlog
c:\users\admin\desktop\7to semestre\criptografia y seguridad\pia\programa de encriptacion\lopez_hernandez_pia_cripseg\lopez_he.891973a3\x64\debug\lopez_he.891973a3.tlog\resgen.command.1.tlog
c:\users\admin\desktop\7to semestre\criptografia y seguridad\pia\programa de encriptacion\lopez_hernandez_pia_cripseg\lopez_he.891973a3\x64\debug\lopez_he.891973a3.tlog\resgen.read.1.tlog
c:\users\admin\desktop\7to semestre\criptografia y seguridad\pia\programa de encriptacion\lopez_hernandez_pia_cripseg\lopez_he.891973a3\x64\debug\lopez_he.891973a3.tlog\resgen.write.1.tlog
